0 info it worked if it ends with ok
1 verbose cli [
1 verbose cli   'C:\\Program Files\\nodejs\\node.exe',
1 verbose cli   'C:\\Program Files\\nodejs\\node_modules\\npm\\bin\\npm-cli.js',
1 verbose cli   'i',
1 verbose cli   'babel-loader',
1 verbose cli   '@babel/core',
1 verbose cli   '@babel/preset-env'
1 verbose cli ]
2 info using npm@6.14.12
3 info using node@v14.16.1
4 verbose npm-session 07795f477a04279c
5 silly install loadCurrentTree
6 silly install readLocalPackageData
7 silly fetchPackageMetaData error for babel-loader@latest request to https://registry.npmjs.org/babel-loader failed, reason: getaddrinfo ENOTFOUND registry.npmjs.org
8 silly fetchPackageMetaData error for @babel/core@latest request to https://registry.npmjs.org/@babel%2fcore failed, reason: getaddrinfo ENOTFOUND registry.npmjs.org
9 silly fetchPackageMetaData error for @babel/preset-env@latest request to https://registry.npmjs.org/@babel%2fpreset-env failed, reason: getaddrinfo ENOTFOUND registry.npmjs.org
10 timing stage:rollbackFailedOptional Completed in 0ms
11 timing stage:runTopLevelLifecycles Completed in 1336ms
12 verbose type system
13 verbose stack FetchError: request to https://registry.npmjs.org/babel-loader failed, reason: getaddrinfo ENOTFOUND registry.npmjs.org
13 verbose stack     at ClientRequest.<anonymous> (C:\Program Files\nodejs\node_modules\npm\node_modules\node-fetch-npm\src\index.js:68:14)
13 verbose stack     at ClientRequest.emit (events.js:315:20)
13 verbose stack     at TLSSocket.socketErrorListener (_http_client.js:469:9)
13 verbose stack     at TLSSocket.emit (events.js:315:20)
13 verbose stack     at emitErrorNT (internal/streams/destroy.js:106:8)
13 verbose stack     at emitErrorCloseNT (internal/streams/destroy.js:74:3)
13 verbose stack     at processTicksAndRejections (internal/process/task_queues.js:80:21)
14 verbose cwd D:\React-Frontend\Day1
15 verbose Windows_NT 10.0.19042
16 verbose argv "C:\\Program Files\\nodejs\\node.exe" "C:\\Program Files\\nodejs\\node_modules\\npm\\bin\\npm-cli.js" "i" "babel-loader" "@babel/core" "@babel/preset-env"
17 verbose node v14.16.1
18 verbose npm  v6.14.12
19 error code ENOTFOUND
20 error errno ENOTFOUND
21 error network request to https://registry.npmjs.org/babel-loader failed, reason: getaddrinfo ENOTFOUND registry.npmjs.org
22 error network This is a problem related to network connectivity.
22 error network In most cases you are behind a proxy or have bad network settings.
22 error network
22 error network If you are behind a proxy, please make sure that the
22 error network 'proxy' config is set properly.  See: 'npm help config'
23 verbose exit [ 1, true ]
